<?xml version="1.0" encoding="UTF-8" ?>
<testsuite tests="1" failures="1" name="com.trello.tests.testRunners.TestRunner" time="1.57" errors="0" skipped="0">
  <properties>
[...]
</properties>
  <testcase classname="com.trello.tests.testRunners.TestRunner" name="runScenario" time="1.57">
    <failure message="Keys to send should be a not null CharSequence" type="java.lang.IllegalArgumentException">java.lang.IllegalArgumentException: Keys to send should be a not null CharSequence
	at org.openqa.selenium.remote.RemoteWebElement.sendKeys(RemoteWebElement.java:97)
	at java.base/jdk.internal.reflect.NativeMethodAccessorImpl.invoke0(Native Method)
	at java.base/jdk.internal.reflect.NativeMethodAccessorImpl.invoke(NativeMethodAccessorImpl.java:62)
	at java.base/jdk.internal.reflect.DelegatingMethodAccessorImpl.invoke(DelegatingMethodAccessorImpl.java:43)
	at java.base/java.lang.reflect.Method.invoke(Method.java:566)
	at com.codeborne.selenide.impl.SelenideElementProxy.dispatchAndRetry(SelenideElementProxy.java:134)
	at com.codeborne.selenide.impl.SelenideElementProxy.invoke(SelenideElementProxy.java:83)
	at com.sun.proxy.$Proxy17.sendKeys(Unknown Source)
	at com.trello.pages.loginPage.LoginPage.fillEmailField(LoginPage.java:16)
	at com.trello.tests.stepDefs.trelloStepDefs.TrelloStepDefs.user_enters_and_into_trello(TrelloStepDefs.java:19)
	at ✽.User enters email and password into trello(file:src/test/resources/features/Email.feature:7)
</failure>
    <system-out>Configuring TestNG with: org.apache.maven.surefire.testng.conf.TestNG652Configurator@33f88ab
&amp;#27;[32m.&amp;#27;[0m&amp;#27;[31mF&amp;#27;[0m&amp;#27;[36m-&amp;#27;[0m&amp;#27;[36m-&amp;#27;[0m&amp;#27;[36m-&amp;#27;[0m</system-out>
    <system-err>[main] INFO io.github.bonigarcia.wdm.WebDriverManager - Using chromedriver 98.0.4758.80 (since Google Chrome 98 is installed in your machine)
[main] INFO io.github.bonigarcia.wdm.WebDriverManager - Exporting webdriver.chrome.driver as C:\Users\tsochacki\.m2\repository\webdriver\chromedriver\win32\98.0.4758.80\chromedriver.exe
Starting ChromeDriver 98.0.4758.80 (7f0488e8ba0d8e019187c6325a16c29d9b7f4989-refs/branch-heads/4758@{#972}) on port 5619
Only local connections are allowed.
Please see https://chromedriver.chromium.org/security-considerations for suggestions on keeping ChromeDriver safe.
ChromeDriver was started successfully.
lut 08, 2022 3:40:16 PM org.openqa.selenium.remote.ProtocolHandshake createSession
INFO: Detected dialect: W3C
lut 08, 2022 3:40:20 PM cucumber.runtime.java.ObjectFactoryLoader loadSingleObjectFactory
WARNING: Use deprecated reflections to load ObjectFactory.
</system-err>
  </testcase>
</testsuite>