<?xml version="1.0" encoding="UTF-8"?>
<!-- Generated by org.testng.reporters.JUnitReportReporter -->
<testsuite hostname="BILL-CD1PGH2" failures="0" tests="1" name="com.trello.tests.testRunners.TestRunner" time="7.638" errors="1" timestamp="2022-02-08T15:40:22 CET" skipped="0">
  <testcase classname="com.trello.tests.testRunners.TestRunner" name="runScenario" time="7.638">
    <error message="Keys to send should be a not null CharSequence" type="java.lang.IllegalArgumentException">
      <![CDATA[java.lang.IllegalArgumentException: Keys to send should be a not null CharSequence
at org.openqa.selenium.remote.RemoteWebElement.sendKeys(RemoteWebElement.java:97)
at java.base/jdk.internal.reflect.NativeMethodAccessorImpl.invoke0(Native Method)
at java.base/jdk.internal.reflect.NativeMethodAccessorImpl.invoke(NativeMethodAccessorImpl.java:62)
at java.base/jdk.internal.reflect.DelegatingMethodAccessorImpl.invoke(DelegatingMethodAccessorImpl.java:43)
at java.base/java.lang.reflect.Method.invoke(Method.java:566)
at com.codeborne.selenide.impl.SelenideElementProxy.dispatchAndRetry(SelenideElementProxy.java:134)
at com.codeborne.selenide.impl.SelenideElementProxy.invoke(SelenideElementProxy.java:83)
at com.sun.proxy.$Proxy17.sendKeys(Unknown Source)
at com.trello.pages.loginPage.LoginPage.fillEmailField(LoginPage.java:16)
at com.trello.tests.stepDefs.trelloStepDefs.TrelloStepDefs.user_enters_and_into_trello(TrelloStepDefs.java:19)
at ✽.User enters email and password into trello(file:src/test/resources/features/Email.feature:7)
]]>
    </error>
  </testcase> <!-- runScenario -->
</testsuite> <!-- com.trello.tests.testRunners.TestRunner -->
